[debug] [2021-06-10T13:41:38.508Z] ----------------------------------------------------------------------
[debug] [2021-06-10T13:41:38.512Z] Command:       C:\Program Files (x86)\nodejs\node.exe C:\Users\Egzamin\AppData\Roaming\npm\node_modules\firebase-tools\lib\bin\firebase.js init
[debug] [2021-06-10T13:41:38.512Z] CLI Version:   9.12.1
[debug] [2021-06-10T13:41:38.512Z] Platform:      win32
[debug] [2021-06-10T13:41:38.513Z] Node Version:  v14.17.0
[debug] [2021-06-10T13:41:38.515Z] Time:          Thu Jun 10 2021 15:41:38 GMT+0200 (czas środkowoeuropejski letni)
[debug] [2021-06-10T13:41:38.516Z] ----------------------------------------------------------------------
[debug] 
[debug] [2021-06-10T13:41:38.529Z] > command requires scopes: ["email","openid","https://www.googleapis.com/auth/cloudplatformprojects.readonly","https://www.googleapis.com/auth/firebase","https://www.googleapis.com/auth/cloud-platform"]
[debug] [2021-06-10T13:41:38.529Z] > authorizing via signed-in user (przetacznikp@gmail.com)
[info] 
     ######## #### ########  ######## ########     ###     ######  ########
     ##        ##  ##     ## ##       ##     ##  ##   ##  ##       ##
     ######    ##  ########  ######   ########  #########  ######  ######
     ##        ##  ##    ##  ##       ##     ## ##     ##       ## ##
     ##       #### ##     ## ######## ########  ##     ##  ######  ########

You're about to initialize a Firebase project in this directory:

  C:\Users\Egzamin\Desktop\dj\maller

Before we get started, keep in mind:

  * You are initializing in an existing Firebase project directory

[info] 
=== Project Setup
[info] 
[info] First, let's associate this project directory with a Firebase project.
[info] You can create multiple project aliases by running firebase use --add, 
[info] but for now we'll just set up a default project.
[info] 
[info] i  .firebaserc already has a default project, using shopping-1dac0. 
[debug] [2021-06-10T13:41:45.732Z] > refreshing access token with scopes: []
[debug] [2021-06-10T13:41:45.733Z] >>> HTTP REQUEST POST https://www.googleapis.com/oauth2/v3/token  
 <request body omitted>
[debug] [2021-06-10T13:41:45.965Z] <<< HTTP RESPONSE 200 {"date":"Thu, 10 Jun 2021 13:41:41 GMT","expires":"Mon, 01 Jan 1990 00:00:00 GMT","cache-control":"no-cache, no-store, max-age=0, must-revalidate","pragma":"no-cache","content-type":"application/json; charset=utf-8","vary":"X-Origin, Referer, Origin,Accept-Encoding","server":"scaffolding on HTTPServer2","x-xss-protection":"0","x-frame-options":"SAMEORIGIN","x-content-type-options":"nosniff","alt-svc":"h3=\":443\"; ma=2592000,h3-29=\":443\"; ma=2592000,h3-T051=\":443\"; ma=2592000,h3-Q050=\":443\"; ma=2592000,h3-Q046=\":443\"; ma=2592000,h3-Q043=\":443\"; ma=2592000,quic=\":443\"; ma=2592000; v=\"46,43\"","accept-ranges":"none","transfer-encoding":"chunked"}
[debug] [2021-06-10T13:41:46.079Z] >>> [apiv2][query] GET https://firebase.googleapis.com/v1beta1/projects/shopping-1dac0 [none]
[debug] [2021-06-10T13:41:46.390Z] <<< [apiv2][status] GET https://firebase.googleapis.com/v1beta1/projects/shopping-1dac0 200
[debug] [2021-06-10T13:41:46.390Z] <<< [apiv2][body] GET https://firebase.googleapis.com/v1beta1/projects/shopping-1dac0 {"projectId":"shopping-1dac0","projectNumber":"913968748702","displayName":"maller","name":"projects/shopping-1dac0","resources":{"hostingSite":"shopping-1dac0","storageBucket":"shopping-1dac0.appspot.com","locationId":"europe-west"},"state":"ACTIVE"}
[info] 
=== Hosting Setup
[info] 
[info] Your public directory is the folder (relative to your project directory) that
[info] will contain Hosting assets to be uploaded with firebase deploy. If you
[info] have a build process for your assets, use your build's output directory.
[info] 
[info] +  Wrote build/404.html 
[debug] [2021-06-10T13:42:02.341Z] >>> [apiv2][query] GET https://www.gstatic.com/firebasejs/releases.json [none]
[debug] [2021-06-10T13:42:02.463Z] <<< [apiv2][status] GET https://www.gstatic.com/firebasejs/releases.json 200
[debug] [2021-06-10T13:42:02.463Z] <<< [apiv2][body] GET https://www.gstatic.com/firebasejs/releases.json {"current":{"version":"8.6.5","browserURL":"https://www.gstatic.com/firebasejs/8.6.5/firebase.js","packageURL":"https://www.gstatic.com/firebasejs/8.6.5/firebase.tgz"},"live":{"version":"8.6","browserURL":"https://www.gstatic.com/firebasejs/live/8.6/firebase.js","packageURL":"https://www.gstatic.com/firebasejs/live/8.6/firebase.tgz"},"components":{"analytics":"https://www.gstatic.com/firebasejs/8.6.5/firebase-analytics.js","app":"https://www.gstatic.com/firebasejs/8.6.5/firebase-app.js","app-check":"https://www.gstatic.com/firebasejs/8.6.5/firebase-app-check.js","auth":"https://www.gstatic.com/firebasejs/8.6.5/firebase-auth.js","database":"https://www.gstatic.com/firebasejs/8.6.5/firebase-database.js","firestore":"https://www.gstatic.com/firebasejs/8.6.5/firebase-firestore.js","functions":"https://www.gstatic.com/firebasejs/8.6.5/firebase-functions.js","installations":"https://www.gstatic.com/firebasejs/8.6.5/firebase-installations.js","messaging":"https://www.gstatic.com/firebasejs/8.6.5/firebase-messaging.js","storage":"https://www.gstatic.com/firebasejs/8.6.5/firebase-storage.js","performance":"https://www.gstatic.com/firebasejs/8.6.5/firebase-performance.js","remote-config":"https://www.gstatic.com/firebasejs/8.6.5/firebase-remote-config.js","firestore.memory":"https://www.gstatic.com/firebasejs/8.6.5/firebase-firestore.memory.js"}}
[info] +  Wrote build/index.html 
[info] 
[info] i  Detected a .git folder at C:\Users\Egzamin\Desktop\dj\maller 
[info] i  Authorizing with GitHub to upload your service account to a GitHub repository's secrets store. 
[info] 
[info] Visit this URL on this device to log in:
[info] https://github.com/login/oauth/authorize?client_id=89cf50f02ac6aaed3484&state=780220450&redirect_uri=http%3A%2F%2Flocalhost%3A9005&scope=read%3Auser%20repo%20public_repo
[info] 
[info] Waiting for authentication...
[debug] [2021-06-10T13:42:10.858Z] >>> HTTP REQUEST POST https://github.com/login/oauth/access_token  
 {"client_id":"89cf50f02ac6aaed3484","client_secret":"3330d14abc895d9a74d5f17cd7a00711fa2c5bf0","code":"e18c8f8613425e97e187","redirect_uri":"http://localhost:9005","state":"780220450"}
[debug] [2021-06-10T13:42:11.242Z] <<< HTTP RESPONSE 200 {"server":"GitHub.com","date":"Thu, 10 Jun 2021 13:42:07 GMT","content-type":"application/json; charset=utf-8","transfer-encoding":"chunked","vary":"X-PJAX, Accept-Encoding, Accept, X-Requested-With","permissions-policy":"interest-cohort=()","etag":"W/\"e520d7f4d82a384355eebb583d903db3\"","cache-control":"max-age=0, private, must-revalidate","strict-transport-security":"max-age=31536000; includeSubdomains; preload","x-frame-options":"deny","x-content-type-options":"nosniff","x-xss-protection":"0","referrer-policy":"origin-when-cross-origin, strict-origin-when-cross-origin","expect-ct":"max-age=2592000, report-uri=\"https://api.github.com/_private/browser/errors\"","content-security-policy":"default-src 'none'; base-uri 'self'; block-all-mixed-content; connect-src 'self' uploads.github.com www.githubstatus.com collector.githubapp.com api.github.com github-cloud.s3.amazonaws.com github-production-repository-file-5c1aeb.s3.amazonaws.com github-production-upload-manifest-file-7fdce7.s3.amazonaws.com github-production-user-asset-6210df.s3.amazonaws.com html-translator.herokuapp.com cdn.optimizely.com logx.optimizely.com/v1/events wss://alive.github.com; font-src github.githubassets.com; form-action 'self' github.com gist.github.com; frame-ancestors 'none'; frame-src render.githubusercontent.com; img-src 'self' data: github.githubassets.com identicons.github.com collector.githubapp.com github-cloud.s3.amazonaws.com secured-user-images.githubusercontent.com/ *.githubusercontent.com; manifest-src 'self'; media-src 'none'; script-src github.githubassets.com; style-src 'unsafe-inline' github.githubassets.com; worker-src github.com/socket-worker-3f088aa2.js gist.github.com/socket-worker-3f088aa2.js","x-github-request-id":"CCFA:11214:33B60C7:350CA0B:60C216AE"}
[debug] [2021-06-10T13:42:11.275Z] >>> [apiv2][query] GET https://api.github.com/user [none]
[debug] [2021-06-10T13:42:11.568Z] <<< [apiv2][status] GET https://api.github.com/user 200
[debug] [2021-06-10T13:42:11.569Z] <<< [apiv2][body] GET https://api.github.com/user {"login":"krzygrzywygrzy","id":52961737,"node_id":"MDQ6VXNlcjUyOTYxNzM3","avatar_url":"https://avatars.githubusercontent.com/u/52961737?v=4","gravatar_id":"","url":"https://api.github.com/users/krzygrzywygrzy","html_url":"https://github.com/krzygrzywygrzy","followers_url":"https://api.github.com/users/krzygrzywygrzy/followers","following_url":"https://api.github.com/users/krzygrzywygrzy/following{/other_user}","gists_url":"https://api.github.com/users/krzygrzywygrzy/gists{/gist_id}","starred_url":"https://api.github.com/users/krzygrzywygrzy/starred{/owner}{/repo}","subscriptions_url":"https://api.github.com/users/krzygrzywygrzy/subscriptions","organizations_url":"https://api.github.com/users/krzygrzywygrzy/orgs","repos_url":"https://api.github.com/users/krzygrzywygrzy/repos","events_url":"https://api.github.com/users/krzygrzywygrzy/events{/privacy}","received_events_url":"https://api.github.com/users/krzygrzywygrzy/received_events","type":"User","site_admin":false,"name":"Paweł Przetacznik","company":null,"blog":"","location":null,"email":"przetacznikp@gmail.com","hireable":null,"bio":null,"twitter_username":null,"public_repos":28,"public_gists":0,"followers":1,"following":2,"created_at":"2019-07-16T11:44:14Z","updated_at":"2021-06-10T12:51:08Z","private_gists":0,"total_private_repos":6,"owned_private_repos":6,"disk_usage":45673,"collaborators":1,"two_factor_authentication":false,"plan":{"name":"free","space":976562499,"collaborators":0,"private_repos":10000}}
[info] 
[info] +  Success! Logged into GitHub as krzygrzywygrzy 
[info] 
[debug] [2021-06-10T13:42:30.326Z] >>> [apiv2][query] GET https://api.github.com/repos/maller/actions/secrets/public-key type=owner
[debug] [2021-06-10T13:42:30.554Z] <<< [apiv2][status] GET https://api.github.com/repos/maller/actions/secrets/public-key 404
[debug] [2021-06-10T13:42:30.555Z] <<< [apiv2][body] GET https://api.github.com/repos/maller/actions/secrets/public-key {"message":"Not Found","documentation_url":"https://docs.github.com/rest"}
